<!DOCTYPE html PUBLIC "-//W3C//DTD XHTML 1.1//EN" "https://www.w3.org/TR/xhtml11/DTD/xhtml11.dtd">
<html xmlns="https://www.w3.org/1999/xhtml">
<head>
<meta http-equiv="content-type" content="text/html; charset=UTF-8"/>
<title>TestNG Report</title>
<style type="text/css">table {margin-bottom:10px;border-collapse:collapse;empty-cells:show}th,td {border:1px solid #009;padding:.25em .5em}th {vertical-align:bottom}td {vertical-align:top}table a {font-weight:bold}.stripe td {background-color: #E6EBF9}.num {text-align:right}.passedodd td {background-color: #3F3}.passedeven td {background-color: #0A0}.skippedodd td {background-color: #DDD}.skippedeven td {background-color: #CCC}.failedodd td,.attn {background-color: #F33}.failedeven td,.stripe .attn {background-color: #D00}.stacktrace {white-space:pre;font-family:monospace}.totop {font-size:85%;text-align:center;border-bottom:2px solid #000}.invisible {display:none}</style>
</head>
<body>
<table>
<tr><th>Test</th><th># Passed</th><th># Skipped</th><th># Retried</th><th># Failed</th><th>Time (ms)</th><th>Included Groups</th><th>Excluded Groups</th></tr>
<tr><th colspan="8">Sample Test Suite</th></tr>
<tr><td><a href="#t0">Southbridge Test Automation</a></td><td class="num">0</td><td class="num attn">3</td><td class="num">0</td><td class="num">0</td><td class="num">1,943</td><td></td><td></td></tr>
</table>
<table id='summary'><thead><tr><th>Class</th><th>Method</th><th>Start</th><th>Time (ms)</th></tr></thead><tbody><tr><th colspan="4">Sample Test Suite</th></tr></tbody><tbody id="t0"><tr><th colspan="4">Southbridge Test Automation &#8212; failed (configuration methods)</th></tr><tr class="failedeven"><td rowspan="1">test.java.carritocompras.CC_Test</td><td><a href="#m0">beforeMethodMethod</a></td><td rowspan="1">1682351993626</td><td rowspan="1">1430</td></tr><tr><th colspan="4">Southbridge Test Automation &#8212; skipped (configuration methods)</th></tr><tr class="skippedeven"><td rowspan="5">test.java.carritocompras.CC_Test</td><td><a href="#m1">afterMethodMethod</a></td><td rowspan="3">1682351995063</td><td rowspan="3">-1682351995063</td></tr><tr class="skippedeven"><td><a href="#m2">afterMethodMethod</a></td></tr><tr class="skippedeven"><td><a href="#m3">afterMethodMethod</a></td></tr><tr class="skippedeven"><td><a href="#m4">beforeMethodMethod</a></td><td rowspan="2">1682351995064</td><td rowspan="2">-1682351995064</td></tr><tr class="skippedeven"><td><a href="#m5">beforeMethodMethod</a></td></tr><tr><th colspan="4">Southbridge Test Automation &#8212; skipped</th></tr><tr class="skippedeven"><td rowspan="3">test.java.carritocompras.CC_Test</td><td><a href="#m6">CC_QA_Automatizacion</a></td><td rowspan="3">1682351995065</td><td rowspan="3">0</td></tr><tr class="skippedeven"><td><a href="#m7">CC_QA_Automatizacion</a></td></tr><tr class="skippedeven"><td><a href="#m8">CC_QA_Automatizacion</a></td></tr></tbody>
</table>
<h2>Southbridge Test Automation</h2><h3 id="m0">test.java.carritocompras.CC_Test#beforeMethodMethod</h3><table class="result"><tr class="param"><th>Parameter #1</th><th>Parameter #2</th></tr><tr class="param stripe"><td>chrome</td><td>public void test.java.carritocompras.CC_Test.CC_QA_Automatizacion(java.lang.String[]) throws java.lang.InterruptedException</td></tr><tr><th colspan="2">Exception</th></tr><tr><td colspan="2"><div class="stacktrace">org.openqa.selenium.SessionNotCreatedException: session not created: This version of ChromeDriver only supports Chrome version 107
Current browser version is 112.0.5615.138 with binary path C:\Program Files\Google\Chrome\Application\chrome.exe
Build info: version: &apos;3.8.1&apos;, revision: &apos;6e95a6684b&apos;, time: &apos;2017-12-01T18:33:54.468Z&apos;
System info: host: &apos;OSCARPEREYRA&apos;, ip: &apos;192.168.0.14&apos;, os.name: &apos;Windows 11&apos;, os.arch: &apos;amd64&apos;, os.version: &apos;10.0&apos;, java.version: &apos;17.0.6&apos;
Driver info: driver.version: ChromeDriver
remote stacktrace: Backtrace:
	Ordinal0 [0x0027ACD3+2075859]
	Ordinal0 [0x0020EE61+1633889]
	Ordinal0 [0x0010B7BD+571325]
	Ordinal0 [0x0012DFCD+712653]
	Ordinal0 [0x00129266+692838]
	Ordinal0 [0x00126BE9+682985]
	Ordinal0 [0x0015DBD3+908243]
	Ordinal0 [0x0015D6AA+906922]
	Ordinal0 [0x00157136+880950]
	Ordinal0 [0x0012FEFD+720637]
	Ordinal0 [0x00130F3F+724799]
	GetHandleVerifier [0x0052EED2+2769538]
	GetHandleVerifier [0x00520D95+2711877]
	GetHandleVerifier [0x0030A03A+521194]
	GetHandleVerifier [0x00308DA0+516432]
	Ordinal0 [0x0021682C+1665068]
	Ordinal0 [0x0021B128+1683752]
	Ordinal0 [0x0021B215+1683989]
	Ordinal0 [0x00226484+1729668]
	BaseThreadInitThunk [0x75D57D49+25]
	RtlInitializeExceptionChain [0x7759B74B+107]
	RtlClearBits [0x7759B6CF+191]
	(No symbol) [0x00000000]

	at org.openqa.selenium.remote.W3CHandshakeResponse.lambda$new$0(W3CHandshakeResponse.java:57)
	at org.openqa.selenium.remote.W3CHandshakeResponse.lambda$getResponseFunction$2(W3CHandshakeResponse.java:104)
	at org.openqa.selenium.remote.ProtocolHandshake.lambda$createSession$0(ProtocolHandshake.java:123)
	at java.base/java.util.stream.ReferencePipeline$3$1.accept(ReferencePipeline.java:197)
	at java.base/java.util.Spliterators$ArraySpliterator.tryAdvance(Spliterators.java:1002)
	at java.base/java.util.stream.ReferencePipeline.forEachWithCancel(ReferencePipeline.java:129)
	at java.base/java.util.stream.AbstractPipeline.copyIntoWithCancel(AbstractPipeline.java:527)
	at java.base/java.util.stream.AbstractPipeline.copyInto(AbstractPipeline.java:513)
	at java.base/java.util.stream.AbstractPipeline.wrapAndCopyInto(AbstractPipeline.java:499)
	at java.base/java.util.stream.FindOps$FindOp.evaluateSequential(FindOps.java:150)
	at java.base/java.util.stream.AbstractPipeline.evaluate(AbstractPipeline.java:234)
	at java.base/java.util.stream.ReferencePipeline.findFirst(ReferencePipeline.java:647)
	at org.openqa.selenium.remote.ProtocolHandshake.createSession(ProtocolHandshake.java:126)
	at org.openqa.selenium.remote.ProtocolHandshake.createSession(ProtocolHandshake.java:73)
	at org.openqa.selenium.remote.HttpCommandExecutor.execute(HttpCommandExecutor.java:142)
	at org.openqa.selenium.remote.service.DriverCommandExecutor.execute(DriverCommandExecutor.java:83)
	at org.openqa.selenium.remote.RemoteWebDriver.execute(RemoteWebDriver.java:601)
	at org.openqa.selenium.remote.RemoteWebDriver.startSession(RemoteWebDriver.java:219)
	at org.openqa.selenium.remote.RemoteWebDriver.&lt;init&gt;(RemoteWebDriver.java:142)
	at org.openqa.selenium.chrome.ChromeDriver.&lt;init&gt;(ChromeDriver.java:181)
	at org.openqa.selenium.chrome.ChromeDriver.&lt;init&gt;(ChromeDriver.java:168)
	at org.openqa.selenium.chrome.ChromeDriver.&lt;init&gt;(ChromeDriver.java:123)
	at test.java.GG_BaseTest.setUpDriver(GG_BaseTest.java:145)
	at test.java.GG_BaseTest.beforeMethodMethod(GG_BaseTest.java:79)
	at java.base/java.util.ArrayList.forEach(ArrayList.java:1511)
... Removed 39 stack frames</div></td></tr></table><p class="totop"><a href="#summary">back to summary</a></p>
<h3 id="m1">test.java.carritocompras.CC_Test#afterMethodMethod</h3><table class="result"><tr><th class="invisible"/></tr></table><p class="totop"><a href="#summary">back to summary</a></p>
<h3 id="m2">test.java.carritocompras.CC_Test#afterMethodMethod</h3><table class="result"><tr><th class="invisible"/></tr></table><p class="totop"><a href="#summary">back to summary</a></p>
<h3 id="m3">test.java.carritocompras.CC_Test#afterMethodMethod</h3><table class="result"><tr><th class="invisible"/></tr></table><p class="totop"><a href="#summary">back to summary</a></p>
<h3 id="m4">test.java.carritocompras.CC_Test#beforeMethodMethod</h3><table class="result"><tr><th class="invisible"/></tr></table><p class="totop"><a href="#summary">back to summary</a></p>
<h3 id="m5">test.java.carritocompras.CC_Test#beforeMethodMethod</h3><table class="result"><tr><th class="invisible"/></tr></table><p class="totop"><a href="#summary">back to summary</a></p>
<h3 id="m6">test.java.carritocompras.CC_Test#CC_QA_Automatizacion</h3><table class="result"><tr class="param"><th>Parameter #1</th></tr><tr class="param stripe"><td>[null, null, null, null, null, null]</td></tr><tr><th>Exception</th></tr><tr><td><div class="stacktrace">org.openqa.selenium.SessionNotCreatedException: session not created: This version of ChromeDriver only supports Chrome version 107
Current browser version is 112.0.5615.138 with binary path C:\Program Files\Google\Chrome\Application\chrome.exe
Build info: version: &apos;3.8.1&apos;, revision: &apos;6e95a6684b&apos;, time: &apos;2017-12-01T18:33:54.468Z&apos;
System info: host: &apos;OSCARPEREYRA&apos;, ip: &apos;192.168.0.14&apos;, os.name: &apos;Windows 11&apos;, os.arch: &apos;amd64&apos;, os.version: &apos;10.0&apos;, java.version: &apos;17.0.6&apos;
Driver info: driver.version: ChromeDriver
remote stacktrace: Backtrace:
	Ordinal0 [0x0027ACD3+2075859]
	Ordinal0 [0x0020EE61+1633889]
	Ordinal0 [0x0010B7BD+571325]
	Ordinal0 [0x0012DFCD+712653]
	Ordinal0 [0x00129266+692838]
	Ordinal0 [0x00126BE9+682985]
	Ordinal0 [0x0015DBD3+908243]
	Ordinal0 [0x0015D6AA+906922]
	Ordinal0 [0x00157136+880950]
	Ordinal0 [0x0012FEFD+720637]
	Ordinal0 [0x00130F3F+724799]
	GetHandleVerifier [0x0052EED2+2769538]
	GetHandleVerifier [0x00520D95+2711877]
	GetHandleVerifier [0x0030A03A+521194]
	GetHandleVerifier [0x00308DA0+516432]
	Ordinal0 [0x0021682C+1665068]
	Ordinal0 [0x0021B128+1683752]
	Ordinal0 [0x0021B215+1683989]
	Ordinal0 [0x00226484+1729668]
	BaseThreadInitThunk [0x75D57D49+25]
	RtlInitializeExceptionChain [0x7759B74B+107]
	RtlClearBits [0x7759B6CF+191]
	(No symbol) [0x00000000]

	at org.openqa.selenium.remote.W3CHandshakeResponse.lambda$new$0(W3CHandshakeResponse.java:57)
	at org.openqa.selenium.remote.W3CHandshakeResponse.lambda$getResponseFunction$2(W3CHandshakeResponse.java:104)
	at org.openqa.selenium.remote.ProtocolHandshake.lambda$createSession$0(ProtocolHandshake.java:123)
	at java.base/java.util.stream.ReferencePipeline$3$1.accept(ReferencePipeline.java:197)
	at java.base/java.util.Spliterators$ArraySpliterator.tryAdvance(Spliterators.java:1002)
	at java.base/java.util.stream.ReferencePipeline.forEachWithCancel(ReferencePipeline.java:129)
	at java.base/java.util.stream.AbstractPipeline.copyIntoWithCancel(AbstractPipeline.java:527)
	at java.base/java.util.stream.AbstractPipeline.copyInto(AbstractPipeline.java:513)
	at java.base/java.util.stream.AbstractPipeline.wrapAndCopyInto(AbstractPipeline.java:499)
	at java.base/java.util.stream.FindOps$FindOp.evaluateSequential(FindOps.java:150)
	at java.base/java.util.stream.AbstractPipeline.evaluate(AbstractPipeline.java:234)
	at java.base/java.util.stream.ReferencePipeline.findFirst(ReferencePipeline.java:647)
	at org.openqa.selenium.remote.ProtocolHandshake.createSession(ProtocolHandshake.java:126)
	at org.openqa.selenium.remote.ProtocolHandshake.createSession(ProtocolHandshake.java:73)
	at org.openqa.selenium.remote.HttpCommandExecutor.execute(HttpCommandExecutor.java:142)
	at org.openqa.selenium.remote.service.DriverCommandExecutor.execute(DriverCommandExecutor.java:83)
	at org.openqa.selenium.remote.RemoteWebDriver.execute(RemoteWebDriver.java:601)
	at org.openqa.selenium.remote.RemoteWebDriver.startSession(RemoteWebDriver.java:219)
	at org.openqa.selenium.remote.RemoteWebDriver.&lt;init&gt;(RemoteWebDriver.java:142)
	at org.openqa.selenium.chrome.ChromeDriver.&lt;init&gt;(ChromeDriver.java:181)
	at org.openqa.selenium.chrome.ChromeDriver.&lt;init&gt;(ChromeDriver.java:168)
	at org.openqa.selenium.chrome.ChromeDriver.&lt;init&gt;(ChromeDriver.java:123)
	at test.java.GG_BaseTest.setUpDriver(GG_BaseTest.java:145)
	at test.java.GG_BaseTest.beforeMethodMethod(GG_BaseTest.java:79)
	at java.base/java.util.ArrayList.forEach(ArrayList.java:1511)
... Removed 39 stack frames</div></td></tr></table><p class="totop"><a href="#summary">back to summary</a></p>
<h3 id="m7">test.java.carritocompras.CC_Test#CC_QA_Automatizacion</h3><table class="result"><tr class="param"><th>Parameter #1</th></tr><tr class="param stripe"><td>[257904377, Oscar123., Aceite, 3, Arroz, 3]</td></tr><tr><th>Exception</th></tr><tr><td><div class="stacktrace">org.openqa.selenium.SessionNotCreatedException: session not created: This version of ChromeDriver only supports Chrome version 107
Current browser version is 112.0.5615.138 with binary path C:\Program Files\Google\Chrome\Application\chrome.exe
Build info: version: &apos;3.8.1&apos;, revision: &apos;6e95a6684b&apos;, time: &apos;2017-12-01T18:33:54.468Z&apos;
System info: host: &apos;OSCARPEREYRA&apos;, ip: &apos;192.168.0.14&apos;, os.name: &apos;Windows 11&apos;, os.arch: &apos;amd64&apos;, os.version: &apos;10.0&apos;, java.version: &apos;17.0.6&apos;
Driver info: driver.version: ChromeDriver
remote stacktrace: Backtrace:
	Ordinal0 [0x0027ACD3+2075859]
	Ordinal0 [0x0020EE61+1633889]
	Ordinal0 [0x0010B7BD+571325]
	Ordinal0 [0x0012DFCD+712653]
	Ordinal0 [0x00129266+692838]
	Ordinal0 [0x00126BE9+682985]
	Ordinal0 [0x0015DBD3+908243]
	Ordinal0 [0x0015D6AA+906922]
	Ordinal0 [0x00157136+880950]
	Ordinal0 [0x0012FEFD+720637]
	Ordinal0 [0x00130F3F+724799]
	GetHandleVerifier [0x0052EED2+2769538]
	GetHandleVerifier [0x00520D95+2711877]
	GetHandleVerifier [0x0030A03A+521194]
	GetHandleVerifier [0x00308DA0+516432]
	Ordinal0 [0x0021682C+1665068]
	Ordinal0 [0x0021B128+1683752]
	Ordinal0 [0x0021B215+1683989]
	Ordinal0 [0x00226484+1729668]
	BaseThreadInitThunk [0x75D57D49+25]
	RtlInitializeExceptionChain [0x7759B74B+107]
	RtlClearBits [0x7759B6CF+191]
	(No symbol) [0x00000000]

	at org.openqa.selenium.remote.W3CHandshakeResponse.lambda$new$0(W3CHandshakeResponse.java:57)
	at org.openqa.selenium.remote.W3CHandshakeResponse.lambda$getResponseFunction$2(W3CHandshakeResponse.java:104)
	at org.openqa.selenium.remote.ProtocolHandshake.lambda$createSession$0(ProtocolHandshake.java:123)
	at java.base/java.util.stream.ReferencePipeline$3$1.accept(ReferencePipeline.java:197)
	at java.base/java.util.Spliterators$ArraySpliterator.tryAdvance(Spliterators.java:1002)
	at java.base/java.util.stream.ReferencePipeline.forEachWithCancel(ReferencePipeline.java:129)
	at java.base/java.util.stream.AbstractPipeline.copyIntoWithCancel(AbstractPipeline.java:527)
	at java.base/java.util.stream.AbstractPipeline.copyInto(AbstractPipeline.java:513)
	at java.base/java.util.stream.AbstractPipeline.wrapAndCopyInto(AbstractPipeline.java:499)
	at java.base/java.util.stream.FindOps$FindOp.evaluateSequential(FindOps.java:150)
	at java.base/java.util.stream.AbstractPipeline.evaluate(AbstractPipeline.java:234)
	at java.base/java.util.stream.ReferencePipeline.findFirst(ReferencePipeline.java:647)
	at org.openqa.selenium.remote.ProtocolHandshake.createSession(ProtocolHandshake.java:126)
	at org.openqa.selenium.remote.ProtocolHandshake.createSession(ProtocolHandshake.java:73)
	at org.openqa.selenium.remote.HttpCommandExecutor.execute(HttpCommandExecutor.java:142)
	at org.openqa.selenium.remote.service.DriverCommandExecutor.execute(DriverCommandExecutor.java:83)
	at org.openqa.selenium.remote.RemoteWebDriver.execute(RemoteWebDriver.java:601)
	at org.openqa.selenium.remote.RemoteWebDriver.startSession(RemoteWebDriver.java:219)
	at org.openqa.selenium.remote.RemoteWebDriver.&lt;init&gt;(RemoteWebDriver.java:142)
	at org.openqa.selenium.chrome.ChromeDriver.&lt;init&gt;(ChromeDriver.java:181)
	at org.openqa.selenium.chrome.ChromeDriver.&lt;init&gt;(ChromeDriver.java:168)
	at org.openqa.selenium.chrome.ChromeDriver.&lt;init&gt;(ChromeDriver.java:123)
	at test.java.GG_BaseTest.setUpDriver(GG_BaseTest.java:145)
	at test.java.GG_BaseTest.beforeMethodMethod(GG_BaseTest.java:79)
	at java.base/java.util.ArrayList.forEach(ArrayList.java:1511)
... Removed 39 stack frames</div></td></tr></table><p class="totop"><a href="#summary">back to summary</a></p>
<h3 id="m8">test.java.carritocompras.CC_Test#CC_QA_Automatizacion</h3><table class="result"><tr class="param"><th>Parameter #1</th></tr><tr class="param stripe"><td>[null, null, null, null, null, null]</td></tr><tr><th>Exception</th></tr><tr><td><div class="stacktrace">org.openqa.selenium.SessionNotCreatedException: session not created: This version of ChromeDriver only supports Chrome version 107
Current browser version is 112.0.5615.138 with binary path C:\Program Files\Google\Chrome\Application\chrome.exe
Build info: version: &apos;3.8.1&apos;, revision: &apos;6e95a6684b&apos;, time: &apos;2017-12-01T18:33:54.468Z&apos;
System info: host: &apos;OSCARPEREYRA&apos;, ip: &apos;192.168.0.14&apos;, os.name: &apos;Windows 11&apos;, os.arch: &apos;amd64&apos;, os.version: &apos;10.0&apos;, java.version: &apos;17.0.6&apos;
Driver info: driver.version: ChromeDriver
remote stacktrace: Backtrace:
	Ordinal0 [0x0027ACD3+2075859]
	Ordinal0 [0x0020EE61+1633889]
	Ordinal0 [0x0010B7BD+571325]
	Ordinal0 [0x0012DFCD+712653]
	Ordinal0 [0x00129266+692838]
	Ordinal0 [0x00126BE9+682985]
	Ordinal0 [0x0015DBD3+908243]
	Ordinal0 [0x0015D6AA+906922]
	Ordinal0 [0x00157136+880950]
	Ordinal0 [0x0012FEFD+720637]
	Ordinal0 [0x00130F3F+724799]
	GetHandleVerifier [0x0052EED2+2769538]
	GetHandleVerifier [0x00520D95+2711877]
	GetHandleVerifier [0x0030A03A+521194]
	GetHandleVerifier [0x00308DA0+516432]
	Ordinal0 [0x0021682C+1665068]
	Ordinal0 [0x0021B128+1683752]
	Ordinal0 [0x0021B215+1683989]
	Ordinal0 [0x00226484+1729668]
	BaseThreadInitThunk [0x75D57D49+25]
	RtlInitializeExceptionChain [0x7759B74B+107]
	RtlClearBits [0x7759B6CF+191]
	(No symbol) [0x00000000]

	at org.openqa.selenium.remote.W3CHandshakeResponse.lambda$new$0(W3CHandshakeResponse.java:57)
	at org.openqa.selenium.remote.W3CHandshakeResponse.lambda$getResponseFunction$2(W3CHandshakeResponse.java:104)
	at org.openqa.selenium.remote.ProtocolHandshake.lambda$createSession$0(ProtocolHandshake.java:123)
	at java.base/java.util.stream.ReferencePipeline$3$1.accept(ReferencePipeline.java:197)
	at java.base/java.util.Spliterators$ArraySpliterator.tryAdvance(Spliterators.java:1002)
	at java.base/java.util.stream.ReferencePipeline.forEachWithCancel(ReferencePipeline.java:129)
	at java.base/java.util.stream.AbstractPipeline.copyIntoWithCancel(AbstractPipeline.java:527)
	at java.base/java.util.stream.AbstractPipeline.copyInto(AbstractPipeline.java:513)
	at java.base/java.util.stream.AbstractPipeline.wrapAndCopyInto(AbstractPipeline.java:499)
	at java.base/java.util.stream.FindOps$FindOp.evaluateSequential(FindOps.java:150)
	at java.base/java.util.stream.AbstractPipeline.evaluate(AbstractPipeline.java:234)
	at java.base/java.util.stream.ReferencePipeline.findFirst(ReferencePipeline.java:647)
	at org.openqa.selenium.remote.ProtocolHandshake.createSession(ProtocolHandshake.java:126)
	at org.openqa.selenium.remote.ProtocolHandshake.createSession(ProtocolHandshake.java:73)
	at org.openqa.selenium.remote.HttpCommandExecutor.execute(HttpCommandExecutor.java:142)
	at org.openqa.selenium.remote.service.DriverCommandExecutor.execute(DriverCommandExecutor.java:83)
	at org.openqa.selenium.remote.RemoteWebDriver.execute(RemoteWebDriver.java:601)
	at org.openqa.selenium.remote.RemoteWebDriver.startSession(RemoteWebDriver.java:219)
	at org.openqa.selenium.remote.RemoteWebDriver.&lt;init&gt;(RemoteWebDriver.java:142)
	at org.openqa.selenium.chrome.ChromeDriver.&lt;init&gt;(ChromeDriver.java:181)
	at org.openqa.selenium.chrome.ChromeDriver.&lt;init&gt;(ChromeDriver.java:168)
	at org.openqa.selenium.chrome.ChromeDriver.&lt;init&gt;(ChromeDriver.java:123)
	at test.java.GG_BaseTest.setUpDriver(GG_BaseTest.java:145)
	at test.java.GG_BaseTest.beforeMethodMethod(GG_BaseTest.java:79)
	at java.base/java.util.ArrayList.forEach(ArrayList.java:1511)
... Removed 39 stack frames</div></td></tr></table><p class="totop"><a href="#summary">back to summary</a></p>
</body>
</html>
