<?xml version="1.0" encoding="UTF-8"?>
<!-- Generated by org.testng.reporters.JUnitReportReporter -->
<testsuite hostname="OscarPereyra" failures="0" tests="4" name="test.java.carritocompras.CC_Test" time="1.430" errors="1" timestamp="2023-04-24T11:59:55 CLT" skipped="3">
  <testcase classname="test.java.carritocompras.CC_Test" name="CC_QA_Automatizacion" time="0.000">
    <skipped/>
  </testcase> <!-- CC_QA_Automatizacion -->
  <system-out/>
  <testcase classname="test.java.carritocompras.CC_Test" name="beforeMethodMethod" time="1.430">
    <error message="session not created: This version of ChromeDriver only supports Chrome version 107
Current browser version is 112.0.5615.138 with binary path C:\Program Files\Google\Chrome\Application\chrome.exe
Build info: version: &#039;3.8.1&#039;, revision: &#039;6e95a6684b&#039;, time: &#039;2017-12-01T18:33:54.468Z&#039;
System info: host: &#039;OSCARPEREYRA&#039;, ip: &#039;192.168.0.14&#039;, os.name: &#039;Windows 11&#039;, os.arch: &#039;amd64&#039;, os.version: &#039;10.0&#039;, java.version: &#039;17.0.6&#039;
Driver info: driver.version: ChromeDriver
remote stacktrace: Backtrace:
	Ordinal0 [0x0027ACD3+2075859]
	Ordinal0 [0x0020EE61+1633889]
	Ordinal0 [0x0010B7BD+571325]
	Ordinal0 [0x0012DFCD+712653]
	Ordinal0 [0x00129266+692838]
	Ordinal0 [0x00126BE9+682985]
	Ordinal0 [0x0015DBD3+908243]
	Ordinal0 [0x0015D6AA+906922]
	Ordinal0 [0x00157136+880950]
	Ordinal0 [0x0012FEFD+720637]
	Ordinal0 [0x00130F3F+724799]
	GetHandleVerifier [0x0052EED2+2769538]
	GetHandleVerifier [0x00520D95+2711877]
	GetHandleVerifier [0x0030A03A+521194]
	GetHandleVerifier [0x00308DA0+516432]
	Ordinal0 [0x0021682C+1665068]
	Ordinal0 [0x0021B128+1683752]
	Ordinal0 [0x0021B215+1683989]
	Ordinal0 [0x00226484+1729668]
	BaseThreadInitThunk [0x75D57D49+25]
	RtlInitializeExceptionChain [0x7759B74B+107]
	RtlClearBits [0x7759B6CF+191]
	(No symbol) [0x00000000]
" type="org.openqa.selenium.SessionNotCreatedException">
      <![CDATA[org.openqa.selenium.SessionNotCreatedException: session not created: This version of ChromeDriver only supports Chrome version 107
Current browser version is 112.0.5615.138 with binary path C:\Program Files\Google\Chrome\Application\chrome.exe
Build info: version: '3.8.1', revision: '6e95a6684b', time: '2017-12-01T18:33:54.468Z'
System info: host: 'OSCARPEREYRA', ip: '192.168.0.14', os.name: 'Windows 11', os.arch: 'amd64', os.version: '10.0', java.version: '17.0.6'
Driver info: driver.version: ChromeDriver
remote stacktrace: Backtrace:
Ordinal0 [0x0027ACD3+2075859]
Ordinal0 [0x0020EE61+1633889]
Ordinal0 [0x0010B7BD+571325]
Ordinal0 [0x0012DFCD+712653]
Ordinal0 [0x00129266+692838]
Ordinal0 [0x00126BE9+682985]
Ordinal0 [0x0015DBD3+908243]
Ordinal0 [0x0015D6AA+906922]
Ordinal0 [0x00157136+880950]
Ordinal0 [0x0012FEFD+720637]
Ordinal0 [0x00130F3F+724799]
GetHandleVerifier [0x0052EED2+2769538]
GetHandleVerifier [0x00520D95+2711877]
GetHandleVerifier [0x0030A03A+521194]
GetHandleVerifier [0x00308DA0+516432]
Ordinal0 [0x0021682C+1665068]
Ordinal0 [0x0021B128+1683752]
Ordinal0 [0x0021B215+1683989]
Ordinal0 [0x00226484+1729668]
BaseThreadInitThunk [0x75D57D49+25]
RtlInitializeExceptionChain [0x7759B74B+107]
RtlClearBits [0x7759B6CF+191]
(No symbol) [0x00000000]

at java.base/jdk.internal.reflect.NativeConstructorAccessorImpl.newInstance0(Native Method)
at java.base/jdk.internal.reflect.NativeConstructorAccessorImpl.newInstance(NativeConstructorAccessorImpl.java:77)
at java.base/jdk.internal.reflect.DelegatingConstructorAccessorImpl.newInstance(DelegatingConstructorAccessorImpl.java:45)
at java.base/java.lang.reflect.Constructor.newInstanceWithCaller(Constructor.java:499)
at java.base/java.lang.reflect.Constructor.newInstance(Constructor.java:480)
at org.openqa.selenium.remote.W3CHandshakeResponse.lambda$new$0(W3CHandshakeResponse.java:57)
at org.openqa.selenium.remote.W3CHandshakeResponse.lambda$getResponseFunction$2(W3CHandshakeResponse.java:104)
at org.openqa.selenium.remote.ProtocolHandshake.lambda$createSession$0(ProtocolHandshake.java:123)
at java.base/java.util.stream.ReferencePipeline$3$1.accept(ReferencePipeline.java:197)
at java.base/java.util.Spliterators$ArraySpliterator.tryAdvance(Spliterators.java:1002)
at java.base/java.util.stream.ReferencePipeline.forEachWithCancel(ReferencePipeline.java:129)
at java.base/java.util.stream.AbstractPipeline.copyIntoWithCancel(AbstractPipeline.java:527)
at java.base/java.util.stream.AbstractPipeline.copyInto(AbstractPipeline.java:513)
at java.base/java.util.stream.AbstractPipeline.wrapAndCopyInto(AbstractPipeline.java:499)
at java.base/java.util.stream.FindOps$FindOp.evaluateSequential(FindOps.java:150)
at java.base/java.util.stream.AbstractPipeline.evaluate(AbstractPipeline.java:234)
at java.base/java.util.stream.ReferencePipeline.findFirst(ReferencePipeline.java:647)
at org.openqa.selenium.remote.ProtocolHandshake.createSession(ProtocolHandshake.java:126)
at org.openqa.selenium.remote.ProtocolHandshake.createSession(ProtocolHandshake.java:73)
at org.openqa.selenium.remote.HttpCommandExecutor.execute(HttpCommandExecutor.java:142)
at org.openqa.selenium.remote.service.DriverCommandExecutor.execute(DriverCommandExecutor.java:83)
at org.openqa.selenium.remote.RemoteWebDriver.execute(RemoteWebDriver.java:601)
at org.openqa.selenium.remote.RemoteWebDriver.startSession(RemoteWebDriver.java:219)
at org.openqa.selenium.remote.RemoteWebDriver.<init>(RemoteWebDriver.java:142)
at org.openqa.selenium.chrome.ChromeDriver.<init>(ChromeDriver.java:181)
at org.openqa.selenium.chrome.ChromeDriver.<init>(ChromeDriver.java:168)
at org.openqa.selenium.chrome.ChromeDriver.<init>(ChromeDriver.java:123)
at test.java.GG_BaseTest.setUpDriver(GG_BaseTest.java:145)
at test.java.GG_BaseTest.beforeMethodMethod(GG_BaseTest.java:79)
at java.base/jdk.internal.reflect.NativeMethodAccessorImpl.invoke0(Native Method)
at java.base/jdk.internal.reflect.NativeMethodAccessorImpl.invoke(NativeMethodAccessorImpl.java:77)
at java.base/jdk.internal.reflect.DelegatingMethodAccessorImpl.invoke(DelegatingMethodAccessorImpl.java:43)
at java.base/java.lang.reflect.Method.invoke(Method.java:568)
at org.testng.internal.MethodInvocationHelper.invokeMethod(MethodInvocationHelper.java:133)
at org.testng.internal.MethodInvocationHelper.invokeMethodConsideringTimeout(MethodInvocationHelper.java:62)
at org.testng.internal.ConfigInvoker.invokeConfigurationMethod(ConfigInvoker.java:385)
at org.testng.internal.ConfigInvoker.invokeConfigurations(ConfigInvoker.java:321)
at org.testng.internal.TestInvoker.runConfigMethods(TestInvoker.java:700)
at org.testng.internal.TestInvoker.invokeMethod(TestInvoker.java:527)
at org.testng.internal.TestInvoker.invokeTestMethod(TestInvoker.java:173)
at org.testng.internal.MethodRunner.runInSequence(MethodRunner.java:46)
at org.testng.internal.TestInvoker$MethodInvocationAgent.invoke(TestInvoker.java:824)
at org.testng.internal.TestInvoker.invokeTestMethods(TestInvoker.java:146)
at org.testng.internal.TestMethodWorker.invokeTestMethods(TestMethodWorker.java:146)
at org.testng.internal.TestMethodWorker.run(TestMethodWorker.java:128)
at java.base/java.util.ArrayList.forEach(ArrayList.java:1511)
at org.testng.TestRunner.privateRun(TestRunner.java:794)
at org.testng.TestRunner.run(TestRunner.java:596)
at org.testng.SuiteRunner.runTest(SuiteRunner.java:377)
at org.testng.SuiteRunner.runSequentially(SuiteRunner.java:371)
at org.testng.SuiteRunner.privateRun(SuiteRunner.java:332)
at org.testng.SuiteRunner.run(SuiteRunner.java:276)
at org.testng.SuiteRunnerWorker.runSuite(SuiteRunnerWorker.java:53)
at org.testng.SuiteRunnerWorker.run(SuiteRunnerWorker.java:96)
at org.testng.TestNG.runSuitesSequentially(TestNG.java:1212)
at org.testng.TestNG.runSuitesLocally(TestNG.java:1134)
at org.testng.TestNG.runSuites(TestNG.java:1063)
at org.testng.TestNG.run(TestNG.java:1031)
at org.apache.maven.surefire.testng.TestNGExecutor.run(TestNGExecutor.java:281)
at org.apache.maven.surefire.testng.TestNGXmlTestSuite.execute(TestNGXmlTestSuite.java:75)
at org.apache.maven.surefire.testng.TestNGProvider.invoke(TestNGProvider.java:121)
at org.apache.maven.surefire.booter.ForkedBooter.invokeProviderInSameClassLoader(ForkedBooter.java:290)
at org.apache.maven.surefire.booter.ForkedBooter.runSuitesInProcess(ForkedBooter.java:242)
at org.apache.maven.surefire.booter.ForkedBooter.main(ForkedBooter.java:121)
]]>
    </error>
  </testcase> <!-- beforeMethodMethod -->
  <system-out/>
  <testcase classname="test.java.carritocompras.CC_Test" name="CC_QA_Automatizacion" time="0.000">
    <skipped/>
  </testcase> <!-- CC_QA_Automatizacion -->
  <system-out/>
  <testcase classname="test.java.carritocompras.CC_Test" name="CC_QA_Automatizacion" time="0.000">
    <skipped/>
  </testcase> <!-- CC_QA_Automatizacion -->
  <system-out/>
</testsuite> <!-- test.java.carritocompras.CC_Test -->
