<?xml version="1.0" encoding="UTF-8"?>
<!-- Generated by org.testng.reporters.JUnitXMLReporter -->
<testsuite ignored="0" hostname="OscarPereyra" failures="0" tests="3" name="Southbridge Test Automation" time="1.943" errors="0" timestamp="2023-04-24T11:59:55 CLT">
  <testcase classname="test.java.GG_BaseTest" name="@BeforeMethod beforeMethodMethod" time="1.43">
    <failure type="org.openqa.selenium.SessionNotCreatedException" message="session not created: This version of ChromeDriver only supports Chrome version 107
Current browser version is 112.0.5615.138 with binary path C:\Program Files\Google\Chrome\Application\chrome.exe
Build info: version: &amp;apos;3.8.1&amp;apos;, revision: &amp;apos;6e95a6684b&amp;apos;, time: &amp;apos;2017-12-01T18:33:54.468Z&amp;apos;
System info: host: &amp;apos;OSCARPEREYRA&amp;apos;, ip: &amp;apos;192.168.0.14&amp;apos;, os.name: &amp;apos;Windows 11&amp;apos;, os.arch: &amp;apos;amd64&amp;apos;, os.version: &amp;apos;10.0&amp;apos;, java.version: &amp;apos;17.0.6&amp;apos;
Driver info: driver.version: ChromeDriver
remote stacktrace: Backtrace:
	Ordinal0 [0x0027ACD3+2075859]
	Ordinal0 [0x0020EE61+1633889]
	Ordinal0 [0x0010B7BD+571325]
	Ordinal0 [0x0012DFCD+712653]
	Ordinal0 [0x00129266+692838]
	Ordinal0 [0x00126BE9+682985]
	Ordinal0 [0x0015DBD3+908243]
	Ordinal0 [0x0015D6AA+906922]
	Ordinal0 [0x00157136+880950]
	Ordinal0 [0x0012FEFD+720637]
	Ordinal0 [0x00130F3F+724799]
	GetHandleVerifier [0x0052EED2+2769538]
	GetHandleVerifier [0x00520D95+2711877]
	GetHandleVerifier [0x0030A03A+521194]
	GetHandleVerifier [0x00308DA0+516432]
	Ordinal0 [0x0021682C+1665068]
	Ordinal0 [0x0021B128+1683752]
	Ordinal0 [0x0021B215+1683989]
	Ordinal0 [0x00226484+1729668]
	BaseThreadInitThunk [0x75D57D49+25]
	RtlInitializeExceptionChain [0x7759B74B+107]
	RtlClearBits [0x7759B6CF+191]
	(No symbol) [0x00000000]
">
      <![CDATA[org.openqa.selenium.SessionNotCreatedException: session not created: This version of ChromeDriver only supports Chrome version 107
Current browser version is 112.0.5615.138 with binary path C:\Program Files\Google\Chrome\Application\chrome.exe
Build info: version: '3.8.1', revision: '6e95a6684b', time: '2017-12-01T18:33:54.468Z'
System info: host: 'OSCARPEREYRA', ip: '192.168.0.14', os.name: 'Windows 11', os.arch: 'amd64', os.version: '10.0', java.version: '17.0.6'
Driver info: driver.version: ChromeDriver
remote stacktrace: Backtrace:
Ordinal0 [0x0027ACD3+2075859]
Ordinal0 [0x0020EE61+1633889]
Ordinal0 [0x0010B7BD+571325]
Ordinal0 [0x0012DFCD+712653]
Ordinal0 [0x00129266+692838]
Ordinal0 [0x00126BE9+682985]
Ordinal0 [0x0015DBD3+908243]
Ordinal0 [0x0015D6AA+906922]
Ordinal0 [0x00157136+880950]
Ordinal0 [0x0012FEFD+720637]
Ordinal0 [0x00130F3F+724799]
GetHandleVerifier [0x0052EED2+2769538]
GetHandleVerifier [0x00520D95+2711877]
GetHandleVerifier [0x0030A03A+521194]
GetHandleVerifier [0x00308DA0+516432]
Ordinal0 [0x0021682C+1665068]
Ordinal0 [0x0021B128+1683752]
Ordinal0 [0x0021B215+1683989]
Ordinal0 [0x00226484+1729668]
BaseThreadInitThunk [0x75D57D49+25]
RtlInitializeExceptionChain [0x7759B74B+107]
RtlClearBits [0x7759B6CF+191]
(No symbol) [0x00000000]

at org.openqa.selenium.remote.W3CHandshakeResponse.lambda$new$0(W3CHandshakeResponse.java:57)
at org.openqa.selenium.remote.W3CHandshakeResponse.lambda$getResponseFunction$2(W3CHandshakeResponse.java:104)
at org.openqa.selenium.remote.ProtocolHandshake.lambda$createSession$0(ProtocolHandshake.java:123)
at java.base/java.util.stream.ReferencePipeline$3$1.accept(ReferencePipeline.java:197)
at java.base/java.util.Spliterators$ArraySpliterator.tryAdvance(Spliterators.java:1002)
at java.base/java.util.stream.ReferencePipeline.forEachWithCancel(ReferencePipeline.java:129)
at java.base/java.util.stream.AbstractPipeline.copyIntoWithCancel(AbstractPipeline.java:527)
at java.base/java.util.stream.AbstractPipeline.copyInto(AbstractPipeline.java:513)
at java.base/java.util.stream.AbstractPipeline.wrapAndCopyInto(AbstractPipeline.java:499)
at java.base/java.util.stream.FindOps$FindOp.evaluateSequential(FindOps.java:150)
at java.base/java.util.stream.AbstractPipeline.evaluate(AbstractPipeline.java:234)
at java.base/java.util.stream.ReferencePipeline.findFirst(ReferencePipeline.java:647)
at org.openqa.selenium.remote.ProtocolHandshake.createSession(ProtocolHandshake.java:126)
at org.openqa.selenium.remote.ProtocolHandshake.createSession(ProtocolHandshake.java:73)
at org.openqa.selenium.remote.HttpCommandExecutor.execute(HttpCommandExecutor.java:142)
at org.openqa.selenium.remote.service.DriverCommandExecutor.execute(DriverCommandExecutor.java:83)
at org.openqa.selenium.remote.RemoteWebDriver.execute(RemoteWebDriver.java:601)
at org.openqa.selenium.remote.RemoteWebDriver.startSession(RemoteWebDriver.java:219)
at org.openqa.selenium.remote.RemoteWebDriver.<init>(RemoteWebDriver.java:142)
at org.openqa.selenium.chrome.ChromeDriver.<init>(ChromeDriver.java:181)
at org.openqa.selenium.chrome.ChromeDriver.<init>(ChromeDriver.java:168)
at org.openqa.selenium.chrome.ChromeDriver.<init>(ChromeDriver.java:123)
at test.java.GG_BaseTest.setUpDriver(GG_BaseTest.java:145)
at test.java.GG_BaseTest.beforeMethodMethod(GG_BaseTest.java:79)
at java.base/java.util.ArrayList.forEach(ArrayList.java:1511)
... Removed 39 stack frames]]>
    </failure>
  </testcase> <!-- @BeforeMethod beforeMethodMethod -->
  <testcase classname="test.java.GG_BaseTest" name="@AfterMethod afterMethodMethod" time="-1.682351995063E9">
    <skipped/>
  </testcase> <!-- @AfterMethod afterMethodMethod -->
  <testcase classname="test.java.GG_BaseTest" name="@BeforeMethod beforeMethodMethod" time="-1.682351995064E9">
    <skipped/>
  </testcase> <!-- @BeforeMethod beforeMethodMethod -->
  <testcase classname="test.java.GG_BaseTest" name="@AfterMethod afterMethodMethod" time="-1.682351995064E9">
    <skipped/>
  </testcase> <!-- @AfterMethod afterMethodMethod -->
  <testcase classname="test.java.GG_BaseTest" name="@BeforeMethod beforeMethodMethod" time="-1.682351995065E9">
    <skipped/>
  </testcase> <!-- @BeforeMethod beforeMethodMethod -->
  <testcase classname="test.java.GG_BaseTest" name="@AfterMethod afterMethodMethod" time="-1.682351995065E9">
    <skipped/>
  </testcase> <!-- @AfterMethod afterMethodMethod -->
  <testcase classname="test.java.carritocompras.CC_Test" name="CC_QA_Automatizacion" time="0.0">
    <skipped/>
  </testcase> <!-- CC_QA_Automatizacion -->
  <testcase classname="test.java.carritocompras.CC_Test" name="CC_QA_Automatizacion" time="0.0">
    <skipped/>
  </testcase> <!-- CC_QA_Automatizacion -->
  <testcase classname="test.java.carritocompras.CC_Test" name="CC_QA_Automatizacion" time="0.0">
    <skipped/>
  </testcase> <!-- CC_QA_Automatizacion -->
</testsuite> <!-- Southbridge Test Automation -->
